[2022-02-25 05:16:59] app.ERROR: Data from PrestaShop Addons is invalid, and cannot fallback on cache. [] []
[2022-02-25 05:17:04] app.INFO: Protect vendor folder in module blockwishlist [] []
[2022-02-25 05:17:04] app.INFO: Module blockwishlist has no vendor folder [] []
[2022-02-25 05:17:04] app.INFO: Protect vendor folder in module contactform [] []
[2022-02-25 05:17:04] app.INFO: Module contactform has no vendor folder [] []
[2022-02-25 05:17:06] app.INFO: Protect vendor folder in module dashactivity [] []
[2022-02-25 05:17:06] app.INFO: Module dashactivity has no vendor folder [] []
[2022-02-25 05:17:06] app.INFO: Protect vendor folder in module dashtrends [] []
[2022-02-25 05:17:06] app.INFO: Module dashtrends has no vendor folder [] []
[2022-02-25 05:17:08] app.INFO: Protect vendor folder in module dashgoals [] []
[2022-02-25 05:17:08] app.INFO: Module dashgoals has no vendor folder [] []
[2022-02-25 05:17:09] app.INFO: Protect vendor folder in module dashproducts [] []
[2022-02-25 05:17:09] app.INFO: Module dashproducts has no vendor folder [] []
[2022-02-25 05:17:09] app.INFO: Protect vendor folder in module graphnvd3 [] []
[2022-02-25 05:17:09] app.INFO: Module graphnvd3 has no vendor folder [] []
[2022-02-25 05:17:10] app.INFO: Protect vendor folder in module gridhtml [] []
[2022-02-25 05:17:10] app.INFO: Module gridhtml has no vendor folder [] []
[2022-02-25 05:17:11] app.INFO: Protect vendor folder in module gsitemap [] []
[2022-02-25 05:17:11] app.INFO: Module gsitemap has no vendor folder [] []
[2022-02-25 05:17:12] app.INFO: Protect vendor folder in module pagesnotfound [] []
[2022-02-25 05:17:12] app.INFO: Module pagesnotfound has no vendor folder [] []
[2022-02-25 05:17:15] app.INFO: Protect vendor folder in module productcomments [] []
[2022-02-25 05:17:15] app.INFO: Module productcomments has no vendor folder [] []
[2022-02-25 05:17:16] app.INFO: Protect vendor folder in module ps_banner [] []
[2022-02-25 05:17:17] app.INFO: Module ps_banner has no vendor folder [] []
[2022-02-25 05:17:17] app.INFO: Protect vendor folder in module ps_categorytree [] []
[2022-02-25 05:17:17] app.INFO: Module ps_categorytree has no vendor folder [] []
[2022-02-25 05:17:18] app.INFO: Protect vendor folder in module ps_checkpayment [] []
[2022-02-25 05:17:18] app.INFO: Module ps_checkpayment has no vendor folder [] []
[2022-02-25 05:17:19] app.INFO: Protect vendor folder in module ps_contactinfo [] []
[2022-02-25 05:17:19] app.INFO: Module ps_contactinfo has no vendor folder [] []
[2022-02-25 05:17:19] app.INFO: Protect vendor folder in module ps_crossselling [] []
[2022-02-25 05:17:19] app.INFO: Module ps_crossselling has no vendor folder [] []
[2022-02-25 05:17:20] app.INFO: Protect vendor folder in module ps_currencyselector [] []
[2022-02-25 05:17:20] app.INFO: Module ps_currencyselector has no vendor folder [] []
[2022-02-25 05:17:20] app.INFO: Protect vendor folder in module ps_customeraccountlinks [] []
[2022-02-25 05:17:20] app.INFO: Module ps_customeraccountlinks has no vendor folder [] []
[2022-02-25 05:17:21] app.INFO: Protect vendor folder in module ps_customersignin [] []
[2022-02-25 05:17:21] app.INFO: Module ps_customersignin has no vendor folder [] []
[2022-02-25 05:17:22] app.INFO: Protect vendor folder in module ps_customtext [] []
[2022-02-25 05:17:22] app.INFO: Module ps_customtext has no vendor folder [] []
[2022-02-25 05:17:22] app.INFO: Protect vendor folder in module ps_dataprivacy [] []
[2022-02-25 05:17:22] app.INFO: Module ps_dataprivacy has no vendor folder [] []
[2022-02-25 05:17:24] app.INFO: Protect vendor folder in module ps_emailsubscription [] []
[2022-02-25 05:17:24] app.INFO: Module ps_emailsubscription has no vendor folder [] []
[2022-02-25 05:17:31] app.INFO: Protect vendor folder in module ps_facetedsearch [] []
[2022-02-25 05:17:31] app.INFO: Module ps_facetedsearch has no vendor folder [] []
[2022-02-25 05:17:32] app.INFO: Protect vendor folder in module ps_faviconnotificationbo [] []
[2022-02-25 05:17:32] app.INFO: Module ps_faviconnotificationbo has no vendor folder [] []
[2022-02-25 05:17:32] app.INFO: Protect vendor folder in module ps_featuredproducts [] []
[2022-02-25 05:17:32] app.INFO: Module ps_featuredproducts has no vendor folder [] []
[2022-02-25 05:17:35] app.INFO: Protect vendor folder in module ps_imageslider [] []
[2022-02-25 05:17:35] app.INFO: Module ps_imageslider has no vendor folder [] []
[2022-02-25 05:17:35] app.INFO: Protect vendor folder in module ps_languageselector [] []
[2022-02-25 05:17:35] app.INFO: Module ps_languageselector has no vendor folder [] []
[2022-02-25 05:17:37] app.INFO: Protect vendor folder in module ps_linklist [] []
[2022-02-25 05:17:37] app.INFO: Module ps_linklist has no vendor folder [] []
[2022-02-25 05:17:39] app.INFO: Protect vendor folder in module ps_mainmenu [] []
[2022-02-25 05:17:39] app.INFO: Module ps_mainmenu has no vendor folder [] []
[2022-02-25 05:17:40] app.INFO: Protect vendor folder in module ps_searchbar [] []
[2022-02-25 05:17:40] app.INFO: Module ps_searchbar has no vendor folder [] []
[2022-02-25 05:17:40] app.INFO: Protect vendor folder in module ps_sharebuttons [] []
[2022-02-25 05:17:40] app.INFO: Module ps_sharebuttons has no vendor folder [] []
[2022-02-25 05:17:41] app.INFO: Protect vendor folder in module ps_shoppingcart [] []
[2022-02-25 05:17:41] app.INFO: Module ps_shoppingcart has no vendor folder [] []
[2022-02-25 05:17:42] app.INFO: Protect vendor folder in module ps_socialfollow [] []
[2022-02-25 05:17:42] app.INFO: Module ps_socialfollow has no vendor folder [] []
[2022-02-25 05:17:43] app.INFO: Protect vendor folder in module ps_themecusto [] []
[2022-02-25 05:17:43] app.INFO: Module ps_themecusto has no vendor folder [] []
[2022-02-25 05:17:44] app.INFO: Protect vendor folder in module ps_wirepayment [] []
[2022-02-25 05:17:44] app.INFO: Module ps_wirepayment has no vendor folder [] []
[2022-02-25 05:17:45] app.INFO: Protect vendor folder in module statsbestcategories [] []
[2022-02-25 05:17:45] app.INFO: Module statsbestcategories has no vendor folder [] []
[2022-02-25 05:17:45] app.INFO: Protect vendor folder in module statsbestcustomers [] []
[2022-02-25 05:17:45] app.INFO: Module statsbestcustomers has no vendor folder [] []
[2022-02-25 05:17:46] app.INFO: Protect vendor folder in module statsbestproducts [] []
[2022-02-25 05:17:46] app.INFO: Module statsbestproducts has no vendor folder [] []
[2022-02-25 05:17:46] app.INFO: Protect vendor folder in module statsbestsuppliers [] []
[2022-02-25 05:17:46] app.INFO: Module statsbestsuppliers has no vendor folder [] []
[2022-02-25 05:17:46] app.INFO: Protect vendor folder in module statsbestvouchers [] []
[2022-02-25 05:17:47] app.INFO: Module statsbestvouchers has no vendor folder [] []
[2022-02-25 05:17:47] app.INFO: Protect vendor folder in module statscarrier [] []
[2022-02-25 05:17:47] app.INFO: Module statscarrier has no vendor folder [] []
[2022-02-25 05:17:47] app.INFO: Protect vendor folder in module statscatalog [] []
[2022-02-25 05:17:48] app.INFO: Module statscatalog has no vendor folder [] []
[2022-02-25 05:17:48] app.INFO: Protect vendor folder in module statscheckup [] []
[2022-02-25 05:17:48] app.INFO: Module statscheckup has no vendor folder [] []
[2022-02-25 05:17:49] app.INFO: Protect vendor folder in module statsdata [] []
[2022-02-25 05:17:49] app.INFO: Module statsdata has no vendor folder [] []
[2022-02-25 05:17:49] app.INFO: Protect vendor folder in module statsforecast [] []
[2022-02-25 05:17:49] app.INFO: Module statsforecast has no vendor folder [] []
[2022-02-25 05:17:50] app.INFO: Protect vendor folder in module statsnewsletter [] []
[2022-02-25 05:17:50] app.INFO: Module statsnewsletter has no vendor folder [] []
[2022-02-25 05:17:50] app.INFO: Protect vendor folder in module statspersonalinfos [] []
[2022-02-25 05:17:50] app.INFO: Module statspersonalinfos has no vendor folder [] []
[2022-02-25 05:17:50] app.INFO: Protect vendor folder in module statsproduct [] []
[2022-02-25 05:17:51] app.INFO: Module statsproduct has no vendor folder [] []
[2022-02-25 05:17:51] app.INFO: Protect vendor folder in module statsregistrations [] []
[2022-02-25 05:17:51] app.INFO: Module statsregistrations has no vendor folder [] []
[2022-02-25 05:17:52] app.INFO: Protect vendor folder in module statssales [] []
[2022-02-25 05:17:52] app.INFO: Module statssales has no vendor folder [] []
[2022-02-25 05:17:52] app.INFO: Protect vendor folder in module statssearch [] []
[2022-02-25 05:17:52] app.INFO: Module statssearch has no vendor folder [] []
[2022-02-25 05:17:53] app.INFO: Protect vendor folder in module statsstock [] []
[2022-02-25 05:17:53] app.INFO: Module statsstock has no vendor folder [] []
[2022-02-25 05:17:54] app.INFO: Protect vendor folder in module welcome [] []
[2022-02-25 05:17:54] app.INFO: Module welcome has no vendor folder [] []
[2022-02-24 22:10:53] request.INFO: Matched route "admin_common_notifications". {"route":"admin_common_notifications","route_parameters":{"_controller":"PrestaShopBundle\\Controller\\Admin\\CommonController::notificationsAction","_legacy_controller":"AdminCommon","_legacy_link":"AdminCommon","_route":"admin_common_notifications"},"request_uri":"https://localhost/admin207t3nbbb/index.php/common/notifications?_token=VU7-66o0jnu6vks-aXXlcm5Cxm-IiPrkBKUj-mpabeQ&rand=1645758653489","method":"POST"} []
[2022-02-24 22:11:52] security.DEBUG: Read existing security token from the session. {"key":"_security_main","token_class":"Symfony\\Component\\Security\\Core\\Authentication\\Token\\UsernamePasswordToken"} []
[2022-02-24 22:11:52] security.DEBUG: Cannot refresh token because user has changed. {"username":"toporkovruslan35@gmail.com","provider":"PrestaShopBundle\\Security\\Admin\\EmployeeProvider"} []
[2022-02-24 22:11:52] security.DEBUG: Token was deauthenticated after trying to refresh it. [] []
[2022-02-24 22:11:52] security.INFO: Populated the TokenStorage with an anonymous Token. [] []
[2022-02-24 22:11:54] request.CRITICAL: Uncaught PHP Exception Symfony\Component\Debug\Exception\FatalErrorException: "Error: Maximum execution time of 60 seconds exceeded" at C:\OpenServer\domains\localhost\vendor\symfony\symfony\src\Symfony\Component\Security\Http\RememberMe\ResponseListener.php line 23 {"exception":"[object] (Symfony\\Component\\Debug\\Exception\\FatalErrorException(code: 0): Error: Maximum execution time of 60 seconds exceeded at C:\\OpenServer\\domains\\localhost\\vendor\\symfony\\symfony\\src\\Symfony\\Component\\Security\\Http\\RememberMe\\ResponseListener.php:23)"} []
[2022-02-24 22:11:55] request.CRITICAL: Uncaught PHP Exception Symfony\Component\Debug\Exception\FatalErrorException: "Error: Maximum execution time of 60 seconds exceeded" at C:\OpenServer\domains\localhost\vendor\symfony\symfony\src\Symfony\Component\HttpFoundation\Session\Storage\Handler\StrictSessionHandler.php line 48 {"exception":"[object] (Symfony\\Component\\Debug\\Exception\\FatalErrorException(code: 0): Error: Maximum execution time of 60 seconds exceeded at C:\\OpenServer\\domains\\localhost\\vendor\\symfony\\symfony\\src\\Symfony\\Component\\HttpFoundation\\Session\\Storage\\Handler\\StrictSessionHandler.php:48)"} []
[2022-02-24 22:11:55] request.CRITICAL: Exception thrown when handling an exception (Twig\Error\RuntimeError: An exception has been thrown during the rendering of a template ("Failed to start the session: already started by PHP."). at C:\OpenServer\domains\localhost\src\PrestaShopBundle\Resources\views\Admin\Exception\error.html.twig line 60) {"exception":"[object] (Twig\\Error\\RuntimeError(code: 0): An exception has been thrown during the rendering of a template (\"Failed to start the session: already started by PHP.\"). at C:\\OpenServer\\domains\\localhost\\src\\PrestaShopBundle\\Resources\\views\\Admin\\Exception\\error.html.twig:60, RuntimeException(code: 0): Failed to start the session: already started by PHP. at C:\\OpenServer\\domains\\localhost\\vendor\\symfony\\symfony\\src\\Symfony\\Component\\HttpFoundation\\Session\\Storage\\NativeSessionStorage.php:146)"} []
[2022-02-24 22:11:55] request.CRITICAL: Uncaught PHP Exception Symfony\Component\Debug\Exception\FatalErrorException: "Error: Maximum execution time of 60 seconds exceeded" at C:\OpenServer\domains\localhost\vendor\symfony\symfony\src\Symfony\Component\HttpFoundation\Session\Storage\Handler\StrictSessionHandler.php line 48 {"exception":"[object] (Symfony\\Component\\Debug\\Exception\\FatalErrorException(code: 0): Error: Maximum execution time of 60 seconds exceeded at C:\\OpenServer\\domains\\localhost\\vendor\\symfony\\symfony\\src\\Symfony\\Component\\HttpFoundation\\Session\\Storage\\Handler\\StrictSessionHandler.php:48)"} []
[2022-02-24 22:11:55] request.CRITICAL: Exception thrown when handling an exception (Twig\Error\RuntimeError: An exception has been thrown during the rendering of a template ("Failed to start the session: already started by PHP."). at C:\OpenServer\domains\localhost\src\PrestaShopBundle\Resources\views\Admin\Exception\error.html.twig line 60) {"exception":"[object] (Twig\\Error\\RuntimeError(code: 0): An exception has been thrown during the rendering of a template (\"Failed to start the session: already started by PHP.\"). at C:\\OpenServer\\domains\\localhost\\src\\PrestaShopBundle\\Resources\\views\\Admin\\Exception\\error.html.twig:60, RuntimeException(code: 0): Failed to start the session: already started by PHP. at C:\\OpenServer\\domains\\localhost\\vendor\\symfony\\symfony\\src\\Symfony\\Component\\HttpFoundation\\Session\\Storage\\NativeSessionStorage.php:146)"} []
[2022-02-24 22:10:54] request.INFO: Matched route "admin_common_notifications". {"route":"admin_common_notifications","route_parameters":{"_controller":"PrestaShopBundle\\Controller\\Admin\\CommonController::notificationsAction","_legacy_controller":"AdminCommon","_legacy_link":"AdminCommon","_route":"admin_common_notifications"},"request_uri":"https://localhost/admin207t3nbbb/index.php/common/notifications?_token=VU7-66o0jnu6vks-aXXlcm5Cxm-IiPrkBKUj-mpabeQ&rand=1645758653552","method":"POST"} []
[2022-02-24 22:11:55] request.CRITICAL: Uncaught PHP Exception Symfony\Component\Debug\Exception\FatalErrorException: "Error: Maximum execution time of 60 seconds exceeded" at C:\OpenServer\domains\localhost\vendor\symfony\symfony\src\Symfony\Component\HttpFoundation\Session\Storage\Handler\StrictSessionHandler.php line 48 {"exception":"[object] (Symfony\\Component\\Debug\\Exception\\FatalErrorException(code: 0): Error: Maximum execution time of 60 seconds exceeded at C:\\OpenServer\\domains\\localhost\\vendor\\symfony\\symfony\\src\\Symfony\\Component\\HttpFoundation\\Session\\Storage\\Handler\\StrictSessionHandler.php:48)"} []
[2022-02-24 22:11:55] request.CRITICAL: Exception thrown when handling an exception (Twig\Error\RuntimeError: An exception has been thrown during the rendering of a template ("Failed to start the session: already started by PHP."). at C:\OpenServer\domains\localhost\src\PrestaShopBundle\Resources\views\Admin\Exception\error.html.twig line 60) {"exception":"[object] (Twig\\Error\\RuntimeError(code: 0): An exception has been thrown during the rendering of a template (\"Failed to start the session: already started by PHP.\"). at C:\\OpenServer\\domains\\localhost\\src\\PrestaShopBundle\\Resources\\views\\Admin\\Exception\\error.html.twig:60, RuntimeException(code: 0): Failed to start the session: already started by PHP. at C:\\OpenServer\\domains\\localhost\\vendor\\symfony\\symfony\\src\\Symfony\\Component\\HttpFoundation\\Session\\Storage\\NativeSessionStorage.php:146)"} []
[2022-02-25 03:14:24] request.INFO: Matched route "admin_module_catalog_refresh". {"route":"admin_module_catalog_refresh","route_parameters":{"category":null,"keyword":null,"_controller":"PrestaShopBundle\\Controller\\Admin\\Improve\\ModuleController::refreshCatalogAction","_legacy_controller":"AdminModulesCatalog","_legacy_link":"AdminModulesCatalog:refresh","_route":"admin_module_catalog_refresh"},"request_uri":"https://localhost/admin207t3nbbb/index.php/improve/modules/catalog/refresh?_token=VU7-66o0jnu6vks-aXXlcm5Cxm-IiPrkBKUj-mpabeQ","method":"GET"} []
[2022-02-25 03:14:24] security.DEBUG: Read existing security token from the session. {"key":"_security_main","token_class":"Symfony\\Component\\Security\\Core\\Authentication\\Token\\UsernamePasswordToken"} []
[2022-02-25 03:14:24] security.DEBUG: User was reloaded from a user provider. {"provider":"PrestaShopBundle\\Security\\Admin\\EmployeeProvider","username":"toporkovruslan35@gmail.com"} []
[2022-02-25 03:14:30] app.ERROR: Data from PrestaShop Addons is invalid, and cannot fallback on cache. [] []
[2022-02-25 03:14:32] security.DEBUG: Stored the security token in the session. {"key":"_security_main"} []
[2022-02-25 03:25:48] request.INFO: Matched route "admin_module_manage". {"route":"admin_module_manage","route_parameters":{"category":null,"keyword":null,"_controller":"PrestaShopBundle\\Controller\\Admin\\Improve\\ModuleController::manageAction","_legacy_controller":"AdminModulesManage","_legacy_link":["AdminModulesManage","AdminModulesSf"],"_route":"admin_module_manage"},"request_uri":"https://localhost/admin207t3nbbb/index.php/improve/modules/manage?_token=VU7-66o0jnu6vks-aXXlcm5Cxm-IiPrkBKUj-mpabeQ","method":"GET"} []
[2022-02-25 03:25:48] security.DEBUG: Read existing security token from the session. {"key":"_security_main","token_class":"Symfony\\Component\\Security\\Core\\Authentication\\Token\\UsernamePasswordToken"} []
[2022-02-25 03:25:48] security.DEBUG: User was reloaded from a user provider. {"provider":"PrestaShopBundle\\Security\\Admin\\EmployeeProvider","username":"toporkovruslan35@gmail.com"} []
[2022-02-25 03:25:53] app.ERROR: Data from PrestaShop Addons is invalid, and cannot fallback on cache. [] []
[2022-02-25 03:26:03] security.DEBUG: Stored the security token in the session. {"key":"_security_main"} []
[2022-02-25 03:28:12] request.CRITICAL: Uncaught PHP Exception Symfony\Component\Filesystem\Exception\IOException: "Cannot rename "C:\OpenServer\domains\localhost\var\cache\prod\app14BC.tmp" to "C:\OpenServer\domains\localhost\var\cache\prod/appProdProjectContainerUrlMatcher.php"." at C:\OpenServer\domains\localhost\vendor\symfony\symfony\src\Symfony\Component\Filesystem\Filesystem.php line 289 {"exception":"[object] (Symfony\\Component\\Filesystem\\Exception\\IOException(code: 0): Cannot rename \"C:\\OpenServer\\domains\\localhost\\var\\cache\\prod\\app14BC.tmp\" to \"C:\\OpenServer\\domains\\localhost\\var\\cache\\prod/appProdProjectContainerUrlMatcher.php\". at C:\\OpenServer\\domains\\localhost\\vendor\\symfony\\symfony\\src\\Symfony\\Component\\Filesystem\\Filesystem.php:289)"} []
[2022-02-26 18:56:40] request.CRITICAL: Uncaught PHP Exception Symfony\Component\Filesystem\Exception\IOException: "Cannot rename "C:\OpenServer\domains\localhost\var\cache\prod\appCA15.tmp" to "C:\OpenServer\domains\localhost\var\cache\prod/appProdProjectContainerUrlMatcher.php"." at C:\OpenServer\domains\localhost\vendor\symfony\symfony\src\Symfony\Component\Filesystem\Filesystem.php line 289 {"exception":"[object] (Symfony\\Component\\Filesystem\\Exception\\IOException(code: 0): Cannot rename \"C:\\OpenServer\\domains\\localhost\\var\\cache\\prod\\appCA15.tmp\" to \"C:\\OpenServer\\domains\\localhost\\var\\cache\\prod/appProdProjectContainerUrlMatcher.php\". at C:\\OpenServer\\domains\\localhost\\vendor\\symfony\\symfony\\src\\Symfony\\Component\\Filesystem\\Filesystem.php:289)"} []
[2022-03-01 04:31:45] request.INFO: Matched route "admin_common_notifications". {"route":"admin_common_notifications","route_parameters":{"_controller":"PrestaShopBundle\\Controller\\Admin\\CommonController::notificationsAction","_legacy_controller":"AdminCommon","_legacy_link":"AdminCommon","_route":"admin_common_notifications"},"request_uri":"https://localhost/admin207t3nbbb/index.php/common/notifications?_token=VU7-66o0jnu6vks-aXXlcm5Cxm-IiPrkBKUj-mpabeQ&rand=1646127045435","method":"POST"} []
[2022-03-01 04:31:45] security.DEBUG: Read existing security token from the session. {"key":"_security_main","token_class":"Symfony\\Component\\Security\\Core\\Authentication\\Token\\UsernamePasswordToken"} []
[2022-03-01 04:31:45] security.DEBUG: User was reloaded from a user provider. {"provider":"PrestaShopBundle\\Security\\Admin\\EmployeeProvider","username":"toporkovruslan35@gmail.com"} []
[2022-03-01 04:31:45] request.CRITICAL: Uncaught PHP Exception Symfony\Component\Debug\Exception\FatalErrorException: "Error: Maximum execution time of 60 seconds exceeded" at C:\OpenServer\domains\localhost\src\Core\Localization\Specification\Number.php line 188 {"exception":"[object] (Symfony\\Component\\Debug\\Exception\\FatalErrorException(code: 0): Error: Maximum execution time of 60 seconds exceeded at C:\\OpenServer\\domains\\localhost\\src\\Core\\Localization\\Specification\\Number.php:188)"} []
[2022-03-01 04:31:47] security.DEBUG: Stored the security token in the session. {"key":"_security_main"} []
